c:\projects\sorter\sorter\debug\vc120.pdb
c:\projects\sorter\sorter\debug\vc120.idb
c:\projects\sorter\sorter\debug\application.obj
c:\projects\sorter\sorter\debug\choisesort.obj
c:\projects\sorter\sorter\debug\inputsort.obj
c:\projects\sorter\sorter\debug\isorting.obj
c:\projects\sorter\sorter\debug\myquicksort.obj
c:\projects\sorter\sorter\debug\quicksort.obj
c:\projects\sorter\sorter\debug\series.obj
c:\projects\sorter\sorter\debug\shellsort.obj
c:\projects\sorter\sorter\debug\sortingwrapper.obj
c:\projects\sorter\sorter\debug\source.obj
c:\projects\sorter\sorter\debug\sortingfactory.obj
c:\projects\sorter\debug\sorter.pdb
c:\projects\sorter\sorter\debug\sorter.tlog\cl.command.1.tlog
c:\projects\sorter\sorter\debug\sorter.tlog\cl.read.1.tlog
c:\projects\sorter\sorter\debug\sorter.tlog\cl.write.1.tlog
c:\projects\sorter\sorter\debug\sorter.tlog\link-cvtres.read.1.tlog
c:\projects\sorter\sorter\debug\sorter.tlog\link-cvtres.write.1.tlog
c:\projects\sorter\sorter\debug\sorter.tlog\link-rc.read.1.tlog
c:\projects\sorter\sorter\debug\sorter.tlog\link-rc.write.1.tlog
c:\projects\sorter\sorter\debug\sorter.tlog\link.command.1.tlog
c:\projects\sorter\sorter\debug\sorter.tlog\link.read.1.tlog
c:\projects\sorter\sorter\debug\sorter.tlog\link.write.1.tlog
