Сборка начата 29.04.2016 18:28:07.
     1>Проект "C:\Projects\Sorter\Sorter\Sorter.vcxproj" в узле 2 (целевые объекты Build).
     1>ClCompile:
         C:\Program Files (x86)\Microsoft Visual Studio 12.0\VC\bin\CL.exe /c /ZI /nologo /W3 /WX- /sdl /Od /Oy- /D WIN32 /D _DEBUG /D _CONSOLE /D _LIB /D _UNICODE /D UNICODE /Gm /EHsc /RTC1 /MDd /GS /fp:precise /Zc:wchar_t /Zc:forScope /Fo"Debug\\" /Fd"Debug\vc120.pdb" /Gd /TP /analyze- /errorReport:prompt Application.cpp MyQuickSort.cpp QuickSort.cpp Series.cpp SortingFactory.cpp SortingWrapper.cpp Source.cpp
         Series.cpp
     1>c:\projects\sorter\sorter\sortingwrapper.h(6): warning C4081: требуется "("; обнаружен "newline"
     1>c:\projects\sorter\sorter\series.cpp(19): warning C4018: <: несоответствие типов со знаком и без знака
         Создание кода...
         Компиляция...
         Source.cpp
     1>c:\projects\sorter\sorter\sortingwrapper.h(6): warning C4081: требуется "("; обнаружен "newline"
         SortingWrapper.cpp
     1>c:\projects\sorter\sorter\sortingwrapper.h(6): warning C4081: требуется "("; обнаружен "newline"
         SortingFactory.cpp
     1>c:\projects\sorter\sorter\sortingwrapper.h(6): warning C4081: требуется "("; обнаружен "newline"
         QuickSort.cpp
     1>c:\projects\sorter\sorter\sortingwrapper.h(6): warning C4081: требуется "("; обнаружен "newline"
         MyQuickSort.cpp
     1>c:\projects\sorter\sorter\sortingwrapper.h(6): warning C4081: требуется "("; обнаружен "newline"
         Application.cpp
     1>c:\projects\sorter\sorter\sortingwrapper.h(6): warning C4081: требуется "("; обнаружен "newline"
         Создание кода...
       Link:
         C:\Program Files (x86)\Microsoft Visual Studio 12.0\VC\bin\link.exe /ERRORREPORT:PROMPT /OUT:"C:\Projects\Sorter\Debug\Sorter.exe" /INCREMENTAL /NOLOGO kernel32.lib user32.lib gdi32.lib winspool.lib comdlg32.lib advapi32.lib shell32.lib ole32.lib oleaut32.lib uuid.lib odbc32.lib odbccp32.lib /MANIFEST /MANIFESTUAC:"level='asInvoker' uiAccess='false'" /manifest:embed /DEBUG /PDB:"C:\Projects\Sorter\Debug\Sorter.pdb" /SUBSYSTEM:CONSOLE /TLBID:1 /DYNAMICBASE /NXCOMPAT /IMPLIB:"C:\Projects\Sorter\Debug\Sorter.lib" /MACHINE:X86 Debug\Application.obj
         Debug\ChoiseSort.obj
         Debug\InputSort.obj
         Debug\ISorting.obj
         Debug\MyQuickSort.obj
         Debug\QuickSort.obj
         Debug\Series.obj
         Debug\ShellSort.obj
         Debug\SortingFactory.obj
         Debug\SortingWrapper.obj
         Debug\Source.obj
         Sorter.vcxproj -> C:\Projects\Sorter\Debug\Sorter.exe
     1>Сборка проекта "C:\Projects\Sorter\Sorter\Sorter.vcxproj" завершена (целевые объекты Build).

Сборка успешно завершена.

Затраченное время: 00:00:06.95
